<?xml version="1.0" encoding="UTF-8"?>
<!-- Generated by org.testng.reporters.JUnitXMLReporter -->
<testsuite hostname="Olga" ignored="0" name="Surefire test" tests="11" failures="5" timestamp="08 дек 2018 16:33:52 GMT" time="60.667" errors="0">
  <testcase name="feature" time="8.77" classname="cucumber.api.testng.AbstractTestNGCucumberTests"/>
  <testcase name="feature" time="0.005" classname="cucumber.api.testng.AbstractTestNGCucumberTests"/>
  <testcase name="feature" time="0.008" classname="cucumber.api.testng.AbstractTestNGCucumberTests"/>
  <testcase name="feature" time="0.024" classname="cucumber.api.testng.AbstractTestNGCucumberTests"/>
  <testcase name="feature" time="0.003" classname="cucumber.api.testng.AbstractTestNGCucumberTests"/>
  <testcase name="feature" time="0.003" classname="cucumber.api.testng.AbstractTestNGCucumberTests"/>
  <testcase name="testForAddToSpamAllMessages" time="0.801" classname="pack.TestNGForMailBoxMessages">
    <failure type="java.lang.NullPointerException">
      <![CDATA[java.lang.NullPointerException
at pack.TestNGForMailBoxMessages.makeScreenshot(TestNGForMailBoxMessages.java:104)
at pack.TestNGForMailBoxMessages.testForAddToSpamAllMessages(TestNGForMailBoxMessages.java:43)
... Removed 29 stack frames]]>
    </failure>
  </testcase> <!-- testForAddToSpamAllMessages -->
  <testcase name="testForRemoveFromSpamAllMessages" time="1.083" classname="pack.TestNGForMailBoxMessages">
    <failure type="java.lang.NullPointerException">
      <![CDATA[java.lang.NullPointerException
at pack.TestNGForMailBoxMessages.makeScreenshot(TestNGForMailBoxMessages.java:104)
at pack.TestNGForMailBoxMessages.testForRemoveFromSpamAllMessages(TestNGForMailBoxMessages.java:57)
... Removed 29 stack frames]]>
    </failure>
  </testcase> <!-- testForRemoveFromSpamAllMessages -->
  <testcase name="testForAddToFlag" time="1.271" classname="pack.TestNGForMailBoxMessages">
    <failure type="java.lang.NullPointerException">
      <![CDATA[java.lang.NullPointerException
at pack.TestNGForMailBoxMessages.makeScreenshot(TestNGForMailBoxMessages.java:104)
at pack.TestNGForMailBoxMessages.testForAddToFlag(TestNGForMailBoxMessages.java:70)
... Removed 29 stack frames]]>
    </failure>
  </testcase> <!-- testForAddToFlag -->
  <testcase name="testForRemoveFromFlag" time="1.022" classname="pack.TestNGForMailBoxMessages">
    <failure type="java.lang.NullPointerException">
      <![CDATA[java.lang.NullPointerException
at pack.TestNGForMailBoxMessages.makeScreenshot(TestNGForMailBoxMessages.java:104)
at pack.TestNGForMailBoxMessages.testForRemoveFromFlag(TestNGForMailBoxMessages.java:84)
... Removed 29 stack frames]]>
    </failure>
  </testcase> <!-- testForRemoveFromFlag -->
  <testcase name="testForAddToTrashMessages" time="1.604" classname="pack.TestNGForMailBoxMessages">
    <failure type="java.lang.NullPointerException">
      <![CDATA[java.lang.NullPointerException
at pack.TestNGForMailBoxMessages.makeScreenshot(TestNGForMailBoxMessages.java:104)
at pack.TestNGForMailBoxMessages.testForAddToTrashMessages(TestNGForMailBoxMessages.java:95)
... Removed 29 stack frames]]>
    </failure>
  </testcase> <!-- testForAddToTrashMessages -->
</testsuite> <!-- Surefire test -->
