<?xml version="1.0" encoding="UTF-8"?>
<testsuite name="TestSuite" time="69.525" tests="17" errors="0" skipped="0" failures="7">
  <properties>
[...]
</properties>
  <testcase name="feature" classname="ngscenario.CucumberJvmTest" time="8.995"/>
  <testcase name="feature" classname="ngscenario.CucumberJvmTest" time="0.02"/>
  <testcase name="feature" classname="ngscenario.CucumberJvmTest" time="0.01"/>
  <testcase name="feature" classname="pack.CucumberJvmTest" time="0.036"/>
  <testcase name="feature" classname="pack.CucumberJvmTest" time="0.019"/>
  <testcase name="feature" classname="pack.CucumberJvmTest" time="0.013"/>
  <testcase name="testForAddToSpamAllMessages" classname="pack.TestNGForMailBoxMessages" time="0.863">
    <failure type="java.lang.NullPointerException:">java.lang.NullPointerException: null
	at pack.TestNGForMailBoxMessages.makeScreenshot(TestNGForMailBoxMessages.java:104)
	at pack.TestNGForMailBoxMessages.testForAddToSpamAllMessages(TestNGForMailBoxMessages.java:43)
</failure>
    <system-out><![CDATA[
3 Scenarios (&amp#27;[33m3 undefined&amp#27;[0m)
12 Steps (&amp#27;[33m12 undefined&amp#27;[0m)
0m0,000s


You can implement missing steps with the snippets below:

@Given("^I am on the main application page$")
public void i_am_on_the_main_application_page() throws Throwable {
    // Write code here that turns the phrase above into concrete actions
    throw new PendingException();
}

@When("^I fill in the search field text to find list of cafe sites$")
public void i_fill_in_the_search_field_text_to_find_list_of_cafe_sites() throws Throwable {
    // Write code here that turns the phrase above into concrete actions
    throw new PendingException();
}

@When("^I click search button$")
public void i_click_search_button() throws Throwable {
    // Write code here that turns the phrase above into concrete actions
    throw new PendingException();
}

@Then("^I see the first site in the result search list$")
public void i_see_the_first_site_in_the_result_search_list() throws Throwable {
    // Write code here that turns the phrase above into concrete actions
    throw new PendingException();
}

@Given("^I am on main application page$")
public void i_am_on_main_application_page() throws Throwable {
    // Write code here that turns the phrase above into concrete actions
    throw new PendingException();
}

@When("^I fill in the search field text to find list of movie sites$")
public void i_fill_in_the_search_field_text_to_find_list_of_movie_sites() throws Throwable {
    // Write code here that turns the phrase above into concrete actions
    throw new PendingException();
}

@Given("^I am on main application page to find theater site$")
public void i_am_on_main_application_page_to_find_theater_site() throws Throwable {
    // Write code here that turns the phrase above into concrete actions
    throw new PendingException();
}

@When("^I fill in the search field text to find list of theater sites$")
public void i_fill_in_the_search_field_text_to_find_list_of_theater_sites() throws Throwable {
    // Write code here that turns the phrase above into concrete actions
    throw new PendingException();
}

@When("^I click search button to find theater$")
public void i_click_search_button_to_find_theater() throws Throwable {
    // Write code here that turns the phrase above into concrete actions
    throw new PendingException();
}

@Then("^I see the first theater site in the result search list$")
public void i_see_the_first_theater_site_in_the_result_search_list() throws Throwable {
    // Write code here that turns the phrase above into concrete actions
    throw new PendingException();
}

]]></system-out>
    <system-err><![CDATA[Starting ChromeDriver 2.43.600210 (68dcf5eebde37173d4027fa8635e332711d2874a) on port 19912
Only local connections are allowed.
дек 08, 2018 7:33:04 PM org.openqa.selenium.remote.ProtocolHandshake createSession
INFO: Detected dialect: OSS
]]></system-err>
  </testcase>
  <testcase name="testForRemoveFromSpamAllMessages" classname="pack.TestNGForMailBoxMessages" time="1.289">
    <failure type="java.lang.NullPointerException:">java.lang.NullPointerException: null
	at pack.TestNGForMailBoxMessages.makeScreenshot(TestNGForMailBoxMessages.java:104)
	at pack.TestNGForMailBoxMessages.testForRemoveFromSpamAllMessages(TestNGForMailBoxMessages.java:57)
</failure>
    <system-err><![CDATA[Starting ChromeDriver 2.43.600210 (68dcf5eebde37173d4027fa8635e332711d2874a) on port 37329
Only local connections are allowed.
дек 08, 2018 7:33:12 PM org.openqa.selenium.remote.ProtocolHandshake createSession
INFO: Detected dialect: OSS
]]></system-err>
  </testcase>
  <testcase name="testForAddToFlag" classname="pack.TestNGForMailBoxMessages" time="1.292">
    <failure type="java.lang.NullPointerException:">java.lang.NullPointerException: null
	at pack.TestNGForMailBoxMessages.makeScreenshot(TestNGForMailBoxMessages.java:104)
	at pack.TestNGForMailBoxMessages.testForAddToFlag(TestNGForMailBoxMessages.java:70)
</failure>
    <system-err><![CDATA[Starting ChromeDriver 2.43.600210 (68dcf5eebde37173d4027fa8635e332711d2874a) on port 7296
Only local connections are allowed.
дек 08, 2018 7:33:21 PM org.openqa.selenium.remote.ProtocolHandshake createSession
INFO: Detected dialect: OSS
]]></system-err>
  </testcase>
  <testcase name="testForRemoveFromFlag" classname="pack.TestNGForMailBoxMessages" time="1.084">
    <failure type="java.lang.NullPointerException:">java.lang.NullPointerException: null
	at pack.TestNGForMailBoxMessages.makeScreenshot(TestNGForMailBoxMessages.java:104)
	at pack.TestNGForMailBoxMessages.testForRemoveFromFlag(TestNGForMailBoxMessages.java:84)
</failure>
    <system-err><![CDATA[Starting ChromeDriver 2.43.600210 (68dcf5eebde37173d4027fa8635e332711d2874a) on port 19496
Only local connections are allowed.
дек 08, 2018 7:33:32 PM org.openqa.selenium.remote.ProtocolHandshake createSession
INFO: Detected dialect: OSS
]]></system-err>
  </testcase>
  <testcase name="testForAddToTrashMessages" classname="pack.TestNGForMailBoxMessages" time="1.693">
    <failure type="java.lang.NullPointerException:">java.lang.NullPointerException: null
	at pack.TestNGForMailBoxMessages.makeScreenshot(TestNGForMailBoxMessages.java:104)
	at pack.TestNGForMailBoxMessages.testForAddToTrashMessages(TestNGForMailBoxMessages.java:95)
</failure>
    <system-err><![CDATA[Starting ChromeDriver 2.43.600210 (68dcf5eebde37173d4027fa8635e332711d2874a) on port 22833
Only local connections are allowed.
дек 08, 2018 7:33:43 PM org.openqa.selenium.remote.ProtocolHandshake createSession
INFO: Detected dialect: OSS
]]></system-err>
  </testcase>
  <testcase name="shouldAnswerWithTrue on shouldAnswerWithTrue(adapter.AppTest)" classname="adapter.AppTest" time="3.348"/>
  <testcase name="testForSendedMessage on testForSendedMessage(api.AppTest)" classname="api.AppTest" time="6.477">
    <failure message="For input string: &quot;10113576656545766592&quot;" type="java.lang.NumberFormatException">java.lang.NumberFormatException: For input string: "10113576656545766592"
	at java.lang.NumberFormatException.forInputString(NumberFormatException.java:65)
	at java.lang.Integer.parseInt(Integer.java:583)
	at java.lang.Integer.parseInt(Integer.java:615)
	at api.App.transformFromStringToInteger(App.java:109)
	at api.AppTest.testForSendedMessage(AppTest.java:17)
</failure>
    <system-err><![CDATA[log4j:WARN No such property [maxFileSize] in org.apache.log4j.FileAppender.
]]></system-err>
  </testcase>
  <testcase name="testForDeletedMessage on testForDeletedMessage(api.AppTest)" classname="api.AppTest" time="6.781"/>
  <testcase name="testForEditedMessage on testForEditedMessage(api.AppTest)" classname="api.AppTest" time="7.086"/>
  <testcase name="testForCheckSendMessage on testForCheckSendMessage(api.AppTest)" classname="api.AppTest" time="7.274"/>
  <testcase name="answerIsShown on answerIsShown(patternpack.AppTest)" classname="patternpack.AppTest" time="23.307">
    <failure type="java.lang.NullPointerException:">java.lang.NullPointerException: null
	at org.openqa.selenium.support.pagefactory.DefaultElementLocator.findElement(DefaultElementLocator.java:69)
	at org.openqa.selenium.support.pagefactory.internal.LocatingElementHandler.invoke(LocatingElementHandler.java:38)
	at com.sun.proxy.$Proxy25.click(Unknown Source)
	at patternpack.FindAnswersPage.clickAnswerSearch(FindAnswersPage.java:41)
	at patternpack.FactoryAnswer.factoryAnswerAll(FactoryAnswer.java:39)
	at patternpack.AppTest.answerIsShown(AppTest.java:29)
</failure>
    <system-out><![CDATA[No features found at [classpath:pack]
]]></system-out>
    <system-err><![CDATA[Starting ChromeDriver 2.43.600210 (68dcf5eebde37173d4027fa8635e332711d2874a) on port 45007
Only local connections are allowed.
дек 08, 2018 7:34:02 PM org.openqa.selenium.remote.ProtocolHandshake createSession
INFO: Detected dialect: OSS
]]></system-err>
  </testcase>
</testsuite>